Advection test for BATL
step time mass volume error
       0   0.000000E+00   8.093418E+01   2.400000E+02   0.000000E+00
     100   1.000000E+00   8.089868E+01   2.400000E+02   9.212754E-04
     200   2.000000E+00   8.086195E+01   2.400000E+02   1.661721E-03
     300   3.000000E+00   8.082532E+01   2.400000E+02   2.341676E-03
     400   4.000000E+00   8.078872E+01   2.400000E+02   3.022265E-03
     500   5.000000E+00   8.075211E+01   2.400000E+02   3.663938E-03
     600   6.000000E+00   8.071551E+01   2.400000E+02   4.327202E-03
     700   7.000000E+00   8.067891E+01   2.400000E+02   4.957486E-03
     800   8.000000E+00   8.064232E+01   2.400000E+02   5.606636E-03
     900   9.000000E+00   8.060572E+01   2.400000E+02   6.232774E-03
    1000   1.000000E+01   8.056913E+01   2.400000E+02   6.876220E-03
    1013   1.104000E+01   8.053109E+01   2.400000E+02   7.603996E-03
    1025   1.200000E+01   8.049597E+01   2.400000E+02   8.228295E-03
    1038   1.304000E+01   8.045793E+01   2.400000E+02   8.931660E-03
    1050   1.400000E+01   8.042283E+01   2.400000E+02   9.551203E-03
    1063   1.504000E+01   8.038481E+01   2.400000E+02   1.026552E-02
    1075   1.600000E+01   8.034970E+01   2.400000E+02   1.088349E-02
    1088   1.704000E+01   8.031159E+01   2.400000E+02   1.160275E-02
    1100   1.800000E+01   8.027651E+01   2.400000E+02   1.222402E-02
    1113   1.904000E+01   8.023903E+01   2.400000E+02   1.294030E-02
    1125   2.000000E+01   8.020491E+01   2.400000E+02   1.355428E-02
