Advection test for BATL
step time mass linear volume error_rho error_lin
       0   0.000000E+00   2.102608E+03   0.000000E+00   2.000000E+03   0.000000E+00   0.000000E+00
      22   1.000000E+00   2.102608E+03  -1.193411E+04   2.000000E+03   5.980094E-03   8.817383E+01
      44   2.000000E+00   2.102608E+03  -2.393061E+04   2.000000E+03   1.020953E-02   1.012811E+02
      66   3.000000E+00   2.102608E+03  -3.590710E+04   2.000000E+03   1.420438E-02   1.283630E+02
      88   4.000000E+00   2.102608E+03  -4.771207E+04   2.000000E+03   1.775175E-02   3.276846E+02
     110   5.000000E+00   2.102608E+03  -5.985007E+04   2.000000E+03   2.075832E-02   1.911084E+02
     132   6.000000E+00   2.102608E+03  -7.191806E+04   2.000000E+03   2.325013E-02   1.208420E+02
     154   7.000000E+00   2.102608E+03  -8.392264E+04   2.000000E+03   2.572249E-02   1.141865E+02
     176   8.000000E+00   2.102608E+03  -9.592385E+04   2.000000E+03   2.792027E-02   1.096149E+02
     198   9.000000E+00   2.102608E+03  -1.077945E+05   2.000000E+03   2.940657E-02   2.409717E+02
     220   1.000000E+01   2.102608E+03  -1.197902E+05   2.000000E+03   3.157200E-02   2.434465E+02
     230   1.101234E+01   2.102608E+03  -1.320422E+05   2.000000E+03   3.376186E-02   1.381042E+02
     238   1.201234E+01   2.102608E+03  -1.440791E+05   2.000000E+03   3.620908E-02   1.000860E+02
     246   1.301234E+01   2.102608E+03  -1.560841E+05   2.000000E+03   3.837551E-02   9.425201E+01
     254   1.401234E+01   2.102608E+03  -1.680842E+05   2.000000E+03   4.038664E-02   9.392974E+01
     262   1.501234E+01   2.102608E+03  -1.800842E+05   2.000000E+03   4.204352E-02   9.392603E+01
     270   1.601234E+01   2.102608E+03  -1.920842E+05   2.000000E+03   4.376740E-02   9.392601E+01
     278   1.701234E+01   2.102608E+03  -2.040842E+05   2.000000E+03   4.519696E-02   9.392601E+01
     286   1.801234E+01   2.102608E+03  -2.160842E+05   2.000000E+03   4.636334E-02   9.392601E+01
     294   1.901234E+01   2.102608E+03  -2.280842E+05   2.000000E+03   4.772672E-02   9.392601E+01
     302   2.000000E+01   2.102608E+03  -2.399362E+05   2.000000E+03   4.853276E-02   9.392601E+01
