Advection test for BATL
step time mass volume error
       0   0.000000E+00   2.233446E+02   2.000000E+02   0.000000E+00
      34   1.000000E+00   2.233446E+02   2.000000E+02   9.151411E-03
      68   2.000000E+00   2.233446E+02   2.000000E+02   1.582420E-02
     102   3.000000E+00   2.233446E+02   2.000000E+02   2.162479E-02
     136   4.000000E+00   2.233446E+02   2.000000E+02   2.759542E-02
     170   5.000000E+00   2.233446E+02   2.000000E+02   3.094817E-02
     204   6.000000E+00   2.233446E+02   2.000000E+02   3.555738E-02
     238   7.000000E+00   2.233446E+02   2.000000E+02   3.873922E-02
     272   8.000000E+00   2.233446E+02   2.000000E+02   4.132618E-02
     306   9.000000E+00   2.233446E+02   2.000000E+02   4.454331E-02
     340   1.000000E+01   2.233446E+02   2.000000E+02   4.757992E-02
     374   1.100000E+01   2.233446E+02   2.000000E+02   4.865279E-02
     408   1.200000E+01   2.233446E+02   2.000000E+02   5.172248E-02
     442   1.300000E+01   2.233446E+02   2.000000E+02   5.354205E-02
     476   1.400000E+01   2.233446E+02   2.000000E+02   5.441359E-02
     510   1.500000E+01   2.233446E+02   2.000000E+02   5.799339E-02
     544   1.600000E+01   2.233446E+02   2.000000E+02   5.731764E-02
     578   1.700000E+01   2.233446E+02   2.000000E+02   6.063058E-02
     612   1.800000E+01   2.233446E+02   2.000000E+02   6.206713E-02
     646   1.900000E+01   2.233446E+02   2.000000E+02   6.179244E-02
     680   2.000000E+01   2.233446E+02   2.000000E+02   6.558107E-02
