Advection test for BATL
step time mass volume error
       0   0.000000E+00   2.102607E+03   2.000000E+03   0.000000E+00
      50   1.000000E+00   2.102607E+03   2.000000E+03   5.376233E-03
     100   2.000000E+00   2.102607E+03   2.000000E+03   9.342452E-03
     150   3.000000E+00   2.102607E+03   2.000000E+03   1.305707E-02
     200   4.000000E+00   2.102607E+03   2.000000E+03   1.640996E-02
     250   5.000000E+00   2.102607E+03   2.000000E+03   1.931395E-02
     300   6.000000E+00   2.102607E+03   2.000000E+03   2.146203E-02
     350   7.000000E+00   2.102607E+03   2.000000E+03   2.387467E-02
     400   8.000000E+00   2.102607E+03   2.000000E+03   2.587726E-02
     450   9.000000E+00   2.102607E+03   2.000000E+03   2.692538E-02
     500   1.000000E+01   2.102607E+03   2.000000E+03   2.917136E-02
     550   1.100000E+01   2.102607E+03   2.000000E+03   2.968684E-02
     600   1.200000E+01   2.102607E+03   2.000000E+03   3.134600E-02
     650   1.300000E+01   2.102607E+03   2.000000E+03   3.259545E-02
     700   1.400000E+01   2.102607E+03   2.000000E+03   3.254027E-02
     750   1.500000E+01   2.102607E+03   2.000000E+03   3.445784E-02
     800   1.600000E+01   2.102607E+03   2.000000E+03   3.419710E-02
     850   1.700000E+01   2.102607E+03   2.000000E+03   3.554235E-02
     900   1.800000E+01   2.102607E+03   2.000000E+03   3.643696E-02
     950   1.900000E+01   2.102607E+03   2.000000E+03   3.592619E-02
    1000   2.000000E+01   2.102607E+03   2.000000E+03   3.757906E-02
