Advection test for BATL
step time mass volume error
       0   0.000000E+00   2.102644E+03   2.000000E+03   0.000000E+00
      64   1.000000E+00   2.102644E+03   2.000000E+03   8.758902E-04
     128   2.000000E+00   2.102644E+03   2.000000E+03   1.366373E-03
     192   3.000000E+00   2.102644E+03   2.000000E+03   1.745122E-03
     256   4.000000E+00   2.102644E+03   2.000000E+03   2.138085E-03
     320   5.000000E+00   2.102644E+03   2.000000E+03   2.523001E-03
     384   6.000000E+00   2.102644E+03   2.000000E+03   2.841002E-03
     448   7.000000E+00   2.102644E+03   2.000000E+03   3.166131E-03
     512   8.000000E+00   2.102644E+03   2.000000E+03   3.462311E-03
     576   9.000000E+00   2.102644E+03   2.000000E+03   3.740142E-03
     640   1.000000E+01   2.102644E+03   2.000000E+03   4.029199E-03
     651   1.100000E+01   2.102644E+03   2.000000E+03   4.309576E-03
     659   1.200000E+01   2.102644E+03   2.000000E+03   4.597676E-03
     672   1.300000E+01   2.102644E+03   2.000000E+03   4.871255E-03
     680   1.400000E+01   2.102644E+03   2.000000E+03   5.121154E-03
     690   1.500000E+01   2.102644E+03   2.000000E+03   5.373950E-03
     701   1.600000E+01   2.102644E+03   2.000000E+03   5.578352E-03
     709   1.700000E+01   2.102644E+03   2.000000E+03   5.840311E-03
     722   1.800000E+01   2.102644E+03   2.000000E+03   6.086849E-03
     730   1.900000E+01   2.102644E+03   2.000000E+03   6.276135E-03
     740   2.000000E+01   2.102644E+03   2.000000E+03   6.479131E-03
