Advection test for BATL
step time mass volume error
       0   0.000000E+00   2.233535E+02   2.000000E+02   0.000000E+00
      20   1.000000E+00   2.233535E+02   2.000000E+02   3.787126E-03
      40   2.000000E+00   2.233535E+02   2.000000E+02   5.936811E-03
      60   3.000000E+00   2.233535E+02   2.000000E+02   7.612601E-03
      80   4.000000E+00   2.233535E+02   2.000000E+02   9.144235E-03
     100   5.000000E+00   2.233535E+02   2.000000E+02   1.026698E-02
     120   6.000000E+00   2.233535E+02   2.000000E+02   1.122692E-02
     140   7.000000E+00   2.233535E+02   2.000000E+02   1.268765E-02
     160   8.000000E+00   2.233535E+02   2.000000E+02   1.430490E-02
     180   9.000000E+00   2.233535E+02   2.000000E+02   1.564109E-02
     200   1.000000E+01   2.233535E+02   2.000000E+02   1.700774E-02
     208   1.100000E+01   2.234457E+02   2.000000E+02   1.857005E-02
     215   1.205000E+01   2.235107E+02   2.000000E+02   2.011712E-02
     224   1.305000E+01   2.230518E+02   2.000000E+02   2.124785E-02
     231   1.410000E+01   2.231999E+02   2.000000E+02   2.224056E-02
     238   1.500000E+01   2.230190E+02   2.000000E+02   2.488659E-02
     246   1.600000E+01   2.247613E+02   2.000000E+02   4.973803E-02
     253   1.705000E+01   2.244336E+02   2.000000E+02   5.136401E-02
     262   1.810000E+01   2.259853E+02   2.000000E+02   6.619668E-02
     268   1.900000E+01   2.259533E+02   2.000000E+02   6.512783E-02
     275   2.005000E+01   2.255792E+02   2.000000E+02   6.600649E-02
