Advection test for BATL
step time mass linear volume error_rho error_lin
       0   0.000000E+00   2.233544E+02   0.000000E+00   2.000000E+02   0.000000E+00   0.000000E+00
      48   1.000000E+00   2.233544E+02  -8.000000E+02   2.000000E+02   1.028470E-03   8.724043E-13
      96   2.000000E+00   2.233544E+02  -1.600000E+03   2.000000E+02   1.629434E-03   1.783653E-12
     144   3.000000E+00   2.233544E+02  -2.400000E+03   2.000000E+02   2.164062E-03   4.103676E-12
     192   4.000000E+00   2.233544E+02  -3.200000E+03   2.000000E+02   2.648470E-03   5.517971E-12
     240   5.000000E+00   2.233544E+02  -4.000000E+03   2.000000E+02   3.051286E-03   1.068466E-11
     288   6.000000E+00   2.233544E+02  -4.800000E+03   2.000000E+02   3.353218E-03   1.716550E-11
     336   7.000000E+00   2.233544E+02  -5.600000E+03   2.000000E+02   3.834196E-03   1.848916E-11
     384   8.000000E+00   2.233544E+02  -6.400000E+03   2.000000E+02   4.176985E-03   1.481796E-11
     432   9.000000E+00   2.233544E+02  -7.200000E+03   2.000000E+02   4.484149E-03   1.719892E-11
     480   1.000000E+01   2.233544E+02  -8.000000E+03   2.000000E+02   4.772677E-03   3.158819E-11
     489   1.108333E+01   2.233544E+02  -8.866604E+03   2.000000E+02   5.040126E-03   9.065753E-02
     495   1.208333E+01   2.233544E+02  -9.666514E+03   2.000000E+02   5.425768E-03   2.522291E-01
     505   1.308333E+01   2.233544E+02  -1.046648E+04   2.000000E+02   5.805073E-03   2.857547E-01
     511   1.408333E+01   2.233544E+02  -1.126636E+04   2.000000E+02   6.059336E-03   4.445455E-01
     518   1.500000E+01   2.233544E+02  -1.199972E+04   2.000000E+02   6.293483E-03   4.274041E-01
     527   1.608333E+01   2.233544E+02  -1.286638E+04   2.000000E+02   6.472677E-03   4.110643E-01
     533   1.708333E+01   2.233544E+02  -1.366633E+04   2.000000E+02   6.837898E-03   5.164573E-01
     543   1.808333E+01   2.233544E+02  -1.446645E+04   2.000000E+02   7.195882E-03   3.382928E-01
     549   1.908333E+01   2.233544E+02  -1.526661E+04   2.000000E+02   7.407962E-03   1.594722E-01
     556   2.000000E+01   2.233544E+02  -1.600000E+04   2.000000E+02   7.563643E-03   9.451757E-02
