Advection test for BATL
step time mass volume error
       0   0.000000E+00   2.500000E+01   2.000000E+01   0.000000E+00
      16   1.000000E+00   2.500000E+01   2.000000E+01   9.713303E-04
      32   2.000000E+00   2.500000E+01   2.000000E+01   1.838909E-03
      48   3.000000E+00   2.500000E+01   2.000000E+01   2.500112E-03
      64   4.000000E+00   2.500000E+01   2.000000E+01   3.084064E-03
      80   5.000000E+00   2.500000E+01   2.000000E+01   3.264039E-03
      96   6.000000E+00   2.500000E+01   2.000000E+01   3.748410E-03
     112   7.000000E+00   2.500000E+01   2.000000E+01   4.368385E-03
     128   8.000000E+00   2.500000E+01   2.000000E+01   4.781889E-03
     144   9.000000E+00   2.500000E+01   2.000000E+01   5.127013E-03
     160   1.000000E+01   2.500000E+01   2.000000E+01   5.175931E-03
     164   1.125000E+01   2.500000E+01   2.000000E+01   6.020997E-03
     166   1.225000E+01   2.500000E+01   2.000000E+01   7.167967E-03
     169   1.300000E+01   2.500000E+01   2.000000E+01   7.703174E-03
     172   1.425000E+01   2.500000E+01   2.000000E+01   8.460304E-03
     174   1.500000E+01   2.500000E+01   2.000000E+01   8.343566E-03
     178   1.625000E+01   2.500000E+01   2.000000E+01   8.856696E-03
     180   1.725000E+01   2.500000E+01   2.000000E+01   9.785333E-03
     183   1.800000E+01   2.500000E+01   2.000000E+01   1.026726E-02
     186   1.925000E+01   2.500000E+01   2.000000E+01   1.081271E-02
     188   2.000000E+01   2.500000E+01   2.000000E+01   1.063386E-02
