Advection test for BATL
mass volume error
   2.500000E+01   2.000000E+01   0.000000E+00
   2.502409E+01   2.000000E+01   9.666782E-03
   2.511688E+01   2.000000E+01   1.631948E-02
   2.516525E+01   2.000000E+01   2.082436E-02
   2.526888E+01   2.000000E+01   2.321506E-02
   2.532959E+01   2.000000E+01   2.759512E-02
   2.538731E+01   2.000000E+01   3.298873E-02
   2.544306E+01   2.000000E+01   3.624255E-02
   2.548745E+01   2.000000E+01   4.065810E-02
   2.554972E+01   2.000000E+01   4.397174E-02
   2.558223E+01   2.000000E+01   4.653361E-02
   2.564971E+01   2.000000E+01   5.248007E-02
   2.570388E+01   2.000000E+01   5.574617E-02
   2.573502E+01   2.000000E+01   5.814724E-02
   2.577261E+01   2.000000E+01   6.128842E-02
   2.579579E+01   2.000000E+01   6.307855E-02
   2.583230E+01   2.000000E+01   6.606218E-02
   2.586523E+01   2.000000E+01   6.829757E-02
   2.590032E+01   2.000000E+01   7.052629E-02
   2.593273E+01   2.000000E+01   7.305408E-02
   2.596612E+01   2.000000E+01   7.532419E-02
