Advection test for BATL
mass volume error
   2.102608E+03   2.000000E+03   0.000000E+00
   2.102989E+03   2.000000E+03   6.030841E-03
   2.103383E+03   2.000000E+03   1.036954E-02
   2.103844E+03   2.000000E+03   1.448053E-02
   2.104298E+03   2.000000E+03   1.812354E-02
   2.104757E+03   2.000000E+03   2.123231E-02
   2.105408E+03   2.000000E+03   2.393056E-02
   2.105837E+03   2.000000E+03   2.650398E-02
   2.106666E+03   2.000000E+03   2.880890E-02
   2.107279E+03   2.000000E+03   3.049442E-02
   2.107905E+03   2.000000E+03   3.268766E-02
   2.108048E+03   2.000000E+03   3.496778E-02
   2.108048E+03   2.000000E+03   3.740606E-02
   2.108048E+03   2.000000E+03   3.960551E-02
   2.108048E+03   2.000000E+03   4.153039E-02
   2.108048E+03   2.000000E+03   4.319419E-02
   2.108048E+03   2.000000E+03   4.492246E-02
   2.108048E+03   2.000000E+03   4.630700E-02
   2.108048E+03   2.000000E+03   4.750729E-02
   2.108048E+03   2.000000E+03   4.885115E-02
   2.108048E+03   2.000000E+03   4.966405E-02
