Advection test for BATL
mass volume error
   2.233535E+02   2.000000E+02   0.000000E+00
   2.233535E+02   2.000000E+02   3.787126E-03
   2.233535E+02   2.000000E+02   5.936811E-03
   2.233535E+02   2.000000E+02   7.612601E-03
   2.233535E+02   2.000000E+02   9.144235E-03
   2.233535E+02   2.000000E+02   1.026698E-02
   2.233535E+02   2.000000E+02   1.122692E-02
   2.233535E+02   2.000000E+02   1.268765E-02
   2.233535E+02   2.000000E+02   1.430490E-02
   2.233535E+02   2.000000E+02   1.564109E-02
   2.233535E+02   2.000000E+02   1.700774E-02
   2.234654E+02   2.000000E+02   1.855367E-02
   2.235452E+02   2.000000E+02   2.011456E-02
   2.230965E+02   2.000000E+02   2.119349E-02
   2.232574E+02   2.000000E+02   2.217751E-02
   2.230770E+02   2.000000E+02   2.488421E-02
   2.248991E+02   2.000000E+02   4.973688E-02
   2.246334E+02   2.000000E+02   5.104535E-02
   2.258220E+02   2.000000E+02   5.939719E-02
   2.260988E+02   2.000000E+02   5.918612E-02
   2.301065E+02   2.000000E+02   8.470452E-02
