Advection test for BATL
step time mass volume error
       0   0.000000E+00   2.233544E+02   2.000000E+02   0.000000E+00
      48   1.000000E+00   2.233544E+02   2.000000E+02   1.034242E-03
      96   2.000000E+00   2.233544E+02   2.000000E+02   1.632461E-03
     144   3.000000E+00   2.233544E+02   2.000000E+02   2.171128E-03
     192   4.000000E+00   2.233544E+02   2.000000E+02   2.656086E-03
     240   5.000000E+00   2.233544E+02   2.000000E+02   3.061849E-03
     288   6.000000E+00   2.233544E+02   2.000000E+02   3.365986E-03
     336   7.000000E+00   2.233544E+02   2.000000E+02   3.846023E-03
     384   8.000000E+00   2.233544E+02   2.000000E+02   4.194094E-03
     432   9.000000E+00   2.233544E+02   2.000000E+02   4.500265E-03
     480   1.000000E+01   2.233544E+02   2.000000E+02   4.790021E-03
     489   1.108333E+01   2.233544E+02   2.000000E+02   5.060949E-03
     495   1.208333E+01   2.233544E+02   2.000000E+02   5.461934E-03
     505   1.308333E+01   2.233544E+02   2.000000E+02   5.854139E-03
     511   1.408333E+01   2.233544E+02   2.000000E+02   6.127387E-03
     518   1.500000E+01   2.233544E+02   2.000000E+02   6.347900E-03
     527   1.608333E+01   2.233544E+02   2.000000E+02   6.543866E-03
     533   1.708333E+01   2.233544E+02   2.000000E+02   6.931338E-03
     543   1.808333E+01   2.233544E+02   2.000000E+02   7.303011E-03
     549   1.908333E+01   2.233544E+02   2.000000E+02   7.520845E-03
     556   2.000000E+01   2.233544E+02   2.000000E+02   7.660933E-03
