Advection test for BATL
mass volume error
   2.102644E+03   2.000000E+03   0.000000E+00
   2.102644E+03   2.000000E+03   8.758902E-04
   2.102644E+03   2.000000E+03   1.366373E-03
   2.102644E+03   2.000000E+03   1.745122E-03
   2.102644E+03   2.000000E+03   2.138085E-03
   2.102644E+03   2.000000E+03   2.523001E-03
   2.102644E+03   2.000000E+03   2.841002E-03
   2.102644E+03   2.000000E+03   3.166131E-03
   2.102644E+03   2.000000E+03   3.462311E-03
   2.102644E+03   2.000000E+03   3.740142E-03
   2.102644E+03   2.000000E+03   4.029199E-03
   2.103393E+03   2.000000E+03   4.471253E-03
   2.104007E+03   2.000000E+03   4.939055E-03
   2.104566E+03   2.000000E+03   5.364174E-03
   2.105263E+03   2.000000E+03   5.798942E-03
   2.105902E+03   2.000000E+03   6.280720E-03
   2.106631E+03   2.000000E+03   6.827128E-03
   2.107243E+03   2.000000E+03   7.302522E-03
   2.107704E+03   2.000000E+03   7.682769E-03
   2.108402E+03   2.000000E+03   8.107315E-03
   2.108952E+03   2.000000E+03   8.503805E-03
