Advection test for BATL
mass volume error
   2.102608E+03   2.000000E+03   0.000000E+00
   2.103756E+03   2.000000E+03   7.096618E-03
   2.106587E+03   2.000000E+03   1.244321E-02
   2.108098E+03   2.000000E+03   1.726482E-02
   2.109210E+03   2.000000E+03   2.146269E-02
   2.110826E+03   2.000000E+03   2.516820E-02
   2.111608E+03   2.000000E+03   2.869251E-02
   2.112513E+03   2.000000E+03   3.161781E-02
   2.112906E+03   2.000000E+03   3.458905E-02
   2.112906E+03   2.000000E+03   3.736892E-02
   2.112906E+03   2.000000E+03   3.954817E-02
   2.112906E+03   2.000000E+03   4.191192E-02
   2.112906E+03   2.000000E+03   4.360603E-02
   2.112906E+03   2.000000E+03   4.517857E-02
   2.112906E+03   2.000000E+03   4.700699E-02
   2.112906E+03   2.000000E+03   4.801407E-02
   2.112906E+03   2.000000E+03   4.951862E-02
   2.112906E+03   2.000000E+03   5.053804E-02
   2.112906E+03   2.000000E+03   5.139947E-02
   2.112906E+03   2.000000E+03   5.265648E-02
   2.112906E+03   2.000000E+03   5.320725E-02
